#
# A fatal error has been detected by the Java Runtime Environment:
#
#  EXCEPTION_ACCESS_VIOLATION (0xc0000005) at pc=0x00007ffbe0ffa32b, pid=13524, tid=13296
#
# JRE version: Java(TM) SE Runtime Environment (11.0.1+13) (build 11.0.1+13-LTS)
# Java VM: Java HotSpot(TM) 64-Bit Server VM (11.0.1+13-LTS, mixed mode, tiered, compressed oops, g1 gc, windows-amd64)
# Problematic frame:
# V  [jvm.dll+0x69a32b]
#
# No core dump will be written. Minidumps are not enabled by default on client versions of Windows
#
# If you would like to submit a bug report, please visit:
#   http://bugreport.java.com/bugreport/crash.jsp
#

---------------  S U M M A R Y ------------

Command Line: -agentlib:jdwp=transport=dt_socket,address=127.0.0.1:53925,suspend=y,server=n -ea -Didea.test.cyclic.buffer.size=1048576 -javaagent:C:\Users\mateu\.IntelliJIdea2019.2\system\captureAgent\debugger-agent.jar -Dfile.encoding=UTF-8 com.intellij.rt.execution.junit.JUnitStarter -ideVersion5 -junit4 PecuniaSpring.numberOrder.DateOrder,lastNumberOrder

Host: Intel(R) Core(TM) i5-4440 CPU @ 3.10GHz, 4 cores, 7G,  Windows 10 , 64 bit Build 19041 (10.0.19041.3636)
Time: Tue Dec  5 20:24:48 2023 Œrodkowoeuropejski czas stand. elapsed time: 104 seconds (0d 0h 1m 44s)

---------------  T H R E A D  ---------------

Current thread (0x000002327fc23800):  JavaThread "main" [_thread_in_vm, id=13296, stack(0x000000beaae00000,0x000000beaaf00000)]

Stack: [0x000000beaae00000,0x000000beaaf00000],  sp=0x000000beaaefa3c0,  free space=1000k
Native frames: (J=compiled Java code, j=interpreted, Vv=VM code, C=native code)
V  [jvm.dll+0x69a32b]
V  [jvm.dll+0x397bc3]
V  [jvm.dll+0x533719]
V  [jvm.dll+0x39b566]
V  [jvm.dll+0x6cce35]
V  [jvm.dll+0x6cc478]
V  [jvm.dll+0x6cd835]
V  [jvm.dll+0x41301c]
C  0x0000023209675c56

Java frames: (J=compiled Java code, j=interpreted, Vv=VM code)
j  java.lang.StackStreamFactory$AbstractStackWalker.callStackWalk(JIII[Ljava/lang/Object;)Ljava/lang/Object;+0 java.base@11.0.1
j  java.lang.StackStreamFactory$AbstractStackWalker.beginStackWalk()Ljava/lang/Object;+31 java.base@11.0.1
j  java.lang.StackStreamFactory$AbstractStackWalker.walk()Ljava/lang/Object;+8 java.base@11.0.1
j  java.lang.StackWalker.walk(Ljava/util/function/Function;)Ljava/lang/Object;+10 java.base@11.0.1
j  org.mockito.internal.debugging.LocationImpl.stackWalk(Ljava/util/function/Function;)Ljava/lang/Object;+4
j  org.mockito.internal.debugging.LocationImpl.framesToSkip()I+5
j  org.mockito.internal.debugging.LocationImpl.<clinit>()V+48
v  ~StubRoutines::call_stub
j  org.mockito.internal.debugging.LocationFactory$DefaultLocationFactory.create(Z)Lorg/mockito/invocation/Location;+0
j  org.mockito.internal.debugging.LocationFactory.create(Z)Lorg/mockito/invocation/Location;+4
j  org.mockito.internal.creation.bytebuddy.MockMethodAdvice.handle(Ljava/lang/Object;Ljava/lang/reflect/Method;[Ljava/lang/Object;)Ljava/util/concurrent/Callable;+74
j  PecuniaSpring.services.orderService.OrderServiceImpl.getLastNumberOrder()Ljava/lang/String;+59
j  PecuniaSpring.numberOrder.DateOrder.lastNumberOrder()V+7
v  ~StubRoutines::call_stub
J 1517  jdk.internal.reflect.NativeMethodAccessorImpl.invoke0(Ljava/lang/reflect/Method;Ljava/lang/Object;[Ljava/lang/Object;)Ljava/lang/Object; java.base@11.0.1 (0 bytes) @ 0x00000232111b79bf [0x00000232111b7940+0x000000000000007f]
j  jdk.internal.reflect.NativeMethodAccessorImpl.invoke(Ljava/lang/Object;[Ljava/lang/Object;)Ljava/lang/Object;+100 java.base@11.0.1
J 1231 c1 jdk.internal.reflect.DelegatingMethodAccessorImpl.invoke(Ljava/lang/Object;[Ljava/lang/Object;)Ljava/lang/Object; java.base@11.0.1 (10 bytes) @ 0x0000023209e4e5fc [0x0000023209e4e4e0+0x000000000000011c]
j  java.lang.reflect.Method.invoke(Ljava/lang/Object;[Ljava/lang/Object;)Ljava/lang/Object;+59 java.base@11.0.1
j  org.junit.runners.model.FrameworkMethod$1.runReflectiveCall()Ljava/lang/Object;+15
j  org.junit.internal.runners.model.ReflectiveCallable.run()Ljava/lang/Object;+1
j  org.junit.runners.model.FrameworkMethod.invokeExplosively(Ljava/lang/Object;[Ljava/lang/Object;)Ljava/lang/Object;+10
j  org.junit.internal.runners.statements.InvokeMethod.evaluate()V+12
j  org.mockito.internal.runners.DefaultInternalRunner$1$1.evaluate()V+65
j  org.junit.runners.ParentRunner$3.evaluate()V+4
j  org.junit.runners.BlockJUnit4ClassRunner$1.evaluate()V+11
j  org.junit.runners.ParentRunner.runLeaf(Lorg/junit/runners/model/Statement;Lorg/junit/runner/Description;Lorg/junit/runner/notification/RunNotifier;)V+17
j  org.junit.runners.BlockJUnit4ClassRunner.runChild(Lorg/junit/runners/model/FrameworkMethod;Lorg/junit/runner/notification/RunNotifier;)V+38
j  org.junit.runners.BlockJUnit4ClassRunner.runChild(Ljava/lang/Object;Lorg/junit/runner/notification/RunNotifier;)V+6
j  org.junit.runners.ParentRunner$4.run()V+12
j  org.junit.runners.ParentRunner$1.schedule(Ljava/lang/Runnable;)V+1
j  org.junit.runners.ParentRunner.runChildren(Lorg/junit/runner/notification/RunNotifier;)V+44
j  org.junit.runners.ParentRunner.access$100(Lorg/junit/runners/ParentRunner;Lorg/junit/runner/notification/RunNotifier;)V+2
j  org.junit.runners.ParentRunner$2.evaluate()V+8
j  org.junit.runners.ParentRunner$3.evaluate()V+4
j  org.junit.runners.ParentRunner.run(Lorg/junit/runner/notification/RunNotifier;)V+24
j  org.mockito.internal.runners.DefaultInternalRunner$1.run(Lorg/junit/runner/notification/RunNotifier;)V+17
j  org.mockito.internal.runners.DefaultInternalRunner.run(Lorg/junit/runner/notification/RunNotifier;)V+5
j  org.mockito.internal.runners.StrictRunner.run(Lorg/junit/runner/notification/RunNotifier;)V+36
j  org.mockito.junit.MockitoJUnitRunner.run(Lorg/junit/runner/notification/RunNotifier;)V+5
j  org.junit.runner.JUnitCore.run(Lorg/junit/runner/Runner;)Lorg/junit/runner/Result;+37
j  com.intellij.junit4.JUnit4IdeaTestRunner.startRunnerWithArgs([Ljava/lang/String;Ljava/lang/String;IZ)I+146
j  com.intellij.rt.execution.junit.IdeaTestRunner$Repeater.startRunnerWithArgs(Lcom/intellij/rt/execution/junit/IdeaTestRunner;[Ljava/lang/String;Ljava/util/ArrayList;Ljava/lang/String;IZ)I+22
j  com.intellij.rt.execution.junit.JUnitStarter.prepareStreamsAndStart([Ljava/lang/String;Ljava/lang/String;Ljava/util/ArrayList;Ljava/lang/String;)I+116
j  com.intellij.rt.execution.junit.JUnitStarter.main([Ljava/lang/String;)V+116
v  ~StubRoutines::call_stub

siginfo: EXCEPTION_ACCESS_VIOLATION (0xc0000005), reading address 0x0000000000000008


Register to memory mapping:

RIP=0x00007ffbe0ffa32b jvm.dll
RAX=0x0000000000000010 is an unknown value
RBX=0x0000023220926328 points into unknown readable memory
RCX=0x00000000880a08a0 is an oop
java.lang.invoke.ResolvedMethodName 
{0x00000000880a08a0} - klass: 'java/lang/invoke/ResolvedMethodName'
RDX=0x0000000000000010 is an unknown value
RSP=0x000000beaaefa3c0 is pointing into the stack for thread: 0x000002327fc23800
RBP=0x00000000880a08a0 is an oop
java.lang.invoke.ResolvedMethodName 
{0x00000000880a08a0} - klass: 'java/lang/invoke/ResolvedMethodName'
RSI=0x0 is NULL
RDI=0x000002327fc1f550 points into unknown readable memory
R8 =0x0 is NULL
R9 ={method} {0x0000023222ca8e70} 'lastNumberOrder' '()V' in 'PecuniaSpring/numberOrder/DateOrder'
R10=0x0000000000000005 is an unknown value
R11=0x0000000000000005 is an unknown value
R12=0x0000000000000007 is an unknown value
R13=0x00000001000939f0 is pointing into metadata
R14=0x00000001000939f0 is pointing into metadata
R15=0x000002327fc23800 is a thread


Registers:
RAX=0x0000000000000010, RBX=0x0000023220926328, RCX=0x00000000880a08a0, RDX=0x0000000000000010
RSP=0x000000beaaefa3c0, RBP=0x00000000880a08a0, RSI=0x0000000000000000, RDI=0x000002327fc1f550
R8 =0x0000000000000000, R9 =0x0000023222ca8e68, R10=0x0000000000000005, R11=0x0000000000000005
R12=0x0000000000000007, R13=0x00000001000939f0, R14=0x00000001000939f0, R15=0x000002327fc23800
RIP=0x00007ffbe0ffa32b, EFLAGS=0x0000000000010206

Top of Stack: (sp=0x000000beaaefa3c0)
0x000000beaaefa3c0:   00006c4d85c6b96d 00000001000939f0
0x000000beaaefa3d0:   000002327fc23800 000002322016d268
0x000000beaaefa3e0:   000002327fc23800 00007ffbe0cf7bc3
0x000000beaaefa3f0:   00000000880a08a0 000002322016d268
0x000000beaaefa400:   000000beaaefa440 00007ffbe0b68da8
0x000000beaaefa410:   0000000000000008 00007ffbe0e93719
0x000000beaaefa420:   0000023220926328 0000000000000000
0x000000beaaefa430:   000000beaaefa4a0 000002322016d268
0x000000beaaefa440:   000002322016d268 000002327fc23800
0x000000beaaefa450:   000000beaaefa578 000002327fc23800
0x000000beaaefa460:   000000beaaefa9c0 0000000000000007
0x000000beaaefa470:   0000023220926318 00007ffbe0cfb566
0x000000beaaefa480:   0000023220926320 00000000880a05e8
0x000000beaaefa490:   000002327fc23800 000002327fc23800
0x000000beaaefa4a0:   00000001000939f0 00000001000939f0
0x000000beaaefa4b0:   000002322016d268 000002327fc23800 

Instructions: (pc=0x00007ffbe0ffa32b)
0x00007ffbe0ffa30b:   2e 48 8b 48 18 e8 2b 25 ce ff 48 8b f0 48 85 db
0x00007ffbe0ffa31b:   74 03 48 8b 2b 48 8b d0 48 8b cd e8 d5 18 d0 ff
0x00007ffbe0ffa32b:   48 8b 46 08 4c 8b c3 48 8b d6 48 8b 48 08 48 8b
0x00007ffbe0ffa33b:   41 18 b9 00 80 00 00 66 09 88 3a 01 00 00 48 8b 



---------------  P R O C E S S  ---------------

Threads class SMR info:
_java_thread_list=0x0000023221840670, length=12, elements={
0x000002327fc23800, 0x000002321fb3e800, 0x000002321fb48800, 0x00000232204c3000,
0x000002321fb5b000, 0x000002321fb5d800, 0x000002321fb61800, 0x000002321fb66800,
0x000002322074e800, 0x0000023220800800, 0x0000023220e25800, 0x0000023220996000
}

Java Threads: ( => current thread )
=>0x000002327fc23800 JavaThread "main" [_thread_in_vm, id=13296, stack(0x000000beaae00000,0x000000beaaf00000)]
  0x000002321fb3e800 JavaThread "Reference Handler" daemon [_thread_blocked, id=6936, stack(0x000000beab500000,0x000000beab600000)]
  0x000002321fb48800 JavaThread "Finalizer" daemon [_thread_blocked, id=4900, stack(0x000000beab600000,0x000000beab700000)]
  0x00000232204c3000 JavaThread "Signal Dispatcher" daemon [_thread_blocked, id=14708, stack(0x000000beab700000,0x000000beab800000)]
  0x000002321fb5b000 JavaThread "Attach Listener" daemon [_thread_blocked, id=3340, stack(0x000000beab800000,0x000000beab900000)]
  0x000002321fb5d800 JavaThread "C2 CompilerThread0" daemon [_thread_blocked, id=13996, stack(0x000000beab900000,0x000000beaba00000)]
  0x000002321fb61800 JavaThread "C1 CompilerThread0" daemon [_thread_blocked, id=8748, stack(0x000000beaba00000,0x000000beabb00000)]
  0x000002321fb66800 JavaThread "Sweeper thread" daemon [_thread_blocked, id=13836, stack(0x000000beabb00000,0x000000beabc00000)]
  0x000002322074e800 JavaThread "Common-Cleaner" daemon [_thread_blocked, id=6820, stack(0x000000beabc00000,0x000000beabd00000)]
  0x0000023220800800 JavaThread "JDWP Event Helper Thread" daemon [_thread_blocked, id=10860, stack(0x000000beabe00000,0x000000beabf00000)]
  0x0000023220e25800 JavaThread "Service Thread" daemon [_thread_blocked, id=11792, stack(0x000000beac100000,0x000000beac200000)]
  0x0000023220996000 JavaThread "SIGINT handler" daemon [_thread_blocked, id=11860, stack(0x000000beaac00000,0x000000beaad00000)]

Other Threads:
  0x000002321fb37000 VMThread "VM Thread" [stack: 0x000000beab400000,0x000000beab500000] [id=6324]
  0x0000023220e27000 WatcherThread [stack: 0x000000beac200000,0x000000beac300000] [id=5444]
  0x000002327fc38800 GCTaskThread "GC Thread#0" [stack: 0x000000beaaf00000,0x000000beab000000] [id=4084]
  0x0000023220ea7800 GCTaskThread "GC Thread#1" [stack: 0x000000beac300000,0x000000beac400000] [id=11104]
  0x0000023220e74000 GCTaskThread "GC Thread#2" [stack: 0x000000beac400000,0x000000beac500000] [id=11508]
  0x000002327fc69000 ConcurrentGCThread "G1 Main Marker" [stack: 0x000000beab000000,0x000000beab100000] [id=1392]
  0x000002327fc6a800 ConcurrentGCThread "G1 Conc#0" [stack: 0x000000beab100000,0x000000beab200000] [id=3280]
  0x000002321f980800 ConcurrentGCThread "G1 Refine#0" [stack: 0x000000beab200000,0x000000beab300000] [id=10924]
  0x000002321f981800 ConcurrentGCThread "G1 Young RemSet Sampling" [stack: 0x000000beab300000,0x000000beab400000] [id=6752]

Threads with active compile tasks:

VM state:synchronizing (normal execution)

VM Mutex/Monitor currently owned by a thread:  ([mutex/lock_event])
[0x000002327fc20000] Threads_lock - owner thread: 0x000002321fb37000
[0x000002327fc1f550] ResolvedMethodTable_lock - owner thread: 0x000002327fc23800

Heap address: 0x0000000080c00000, size: 2036 MB, Compressed Oops mode: 32-bit
Narrow klass base: 0x0000000000000000, Narrow klass shift: 3
Compressed class space size: 1073741824 Address: 0x0000000100000000

Heap:
 garbage-first heap   total 131072K, used 22574K [0x0000000080c00000, 0x0000000100000000)
  region size 1024K, 16 young (16384K), 3 survivors (3072K)
 Metaspace       used 18182K, capacity 18548K, committed 18816K, reserved 1064960K
  class space    used 2231K, capacity 2353K, committed 2432K, reserved 1048576K
Heap Regions: E=young(eden), S=young(survivor), O=old, HS=humongous(starts), HC=humongous(continues), CS=collection set, F=free, A=archive, TAMS=top-at-mark-start (previous, next)
|   0|0x0000000080c00000, 0x0000000080d00000, 0x0000000080d00000|100%|HS|  |TAMS 0x0000000080c00000, 0x0000000080c00000| Complete 
|   1|0x0000000080d00000, 0x0000000080e00000, 0x0000000080e00000|100%| O|  |TAMS 0x0000000080d00000, 0x0000000080d00000| Untracked 
|   2|0x0000000080e00000, 0x0000000080f00000, 0x0000000080f00000|100%| O|  |TAMS 0x0000000080e00000, 0x0000000080e00000| Untracked 
|   3|0x0000000080f00000, 0x0000000081000000, 0x0000000081000000|100%| O|  |TAMS 0x0000000080f00000, 0x0000000080f00000| Untracked 
|   4|0x0000000081000000, 0x0000000081100000, 0x0000000081100000|100%| O|  |TAMS 0x0000000081000000, 0x0000000081000000| Untracked 
|   5|0x0000000081100000, 0x0000000081200000, 0x0000000081200000|100%| O|  |TAMS 0x0000000081100000, 0x0000000081100000| Untracked 
|   6|0x0000000081200000, 0x0000000081300000, 0x0000000081300000|100%| O|  |TAMS 0x0000000081200000, 0x0000000081200000| Untracked 
|   7|0x0000000081300000, 0x00000000813ae200, 0x0000000081400000| 68%| O|  |TAMS 0x0000000081300000, 0x0000000081300000| Untracked 
|   8|0x0000000081400000, 0x0000000081400000, 0x0000000081500000|  0%| F|  |TAMS 0x0000000081400000, 0x0000000081400000| Untracked 
|   9|0x0000000081500000, 0x0000000081500000, 0x0000000081600000|  0%| F|  |TAMS 0x0000000081500000, 0x0000000081500000| Untracked 
|  10|0x0000000081600000, 0x0000000081600000, 0x0000000081700000|  0%| F|  |TAMS 0x0000000081600000, 0x0000000081600000| Untracked 
|  11|0x0000000081700000, 0x0000000081700000, 0x0000000081800000|  0%| F|  |TAMS 0x0000000081700000, 0x0000000081700000| Untracked 
|  12|0x0000000081800000, 0x0000000081800000, 0x0000000081900000|  0%| F|  |TAMS 0x0000000081800000, 0x0000000081800000| Untracked 
|  13|0x0000000081900000, 0x0000000081900000, 0x0000000081a00000|  0%| F|  |TAMS 0x0000000081900000, 0x0000000081900000| Untracked 
|  14|0x0000000081a00000, 0x0000000081a00000, 0x0000000081b00000|  0%| F|  |TAMS 0x0000000081a00000, 0x0000000081a00000| Untracked 
|  15|0x0000000081b00000, 0x0000000081b00000, 0x0000000081c00000|  0%| F|  |TAMS 0x0000000081b00000, 0x0000000081b00000| Untracked 
|  16|0x0000000081c00000, 0x0000000081c00000, 0x0000000081d00000|  0%| F|  |TAMS 0x0000000081c00000, 0x0000000081c00000| Untracked 
|  17|0x0000000081d00000, 0x0000000081d00000, 0x0000000081e00000|  0%| F|  |TAMS 0x0000000081d00000, 0x0000000081d00000| Untracked 
|  18|0x0000000081e00000, 0x0000000081e00000, 0x0000000081f00000|  0%| F|  |TAMS 0x0000000081e00000, 0x0000000081e00000| Untracked 
|  19|0x0000000081f00000, 0x0000000081f00000, 0x0000000082000000|  0%| F|  |TAMS 0x0000000081f00000, 0x0000000081f00000| Untracked 
|  20|0x0000000082000000, 0x0000000082000000, 0x0000000082100000|  0%| F|  |TAMS 0x0000000082000000, 0x0000000082000000| Untracked 
|  21|0x0000000082100000, 0x0000000082100000, 0x0000000082200000|  0%| F|  |TAMS 0x0000000082100000, 0x0000000082100000| Untracked 
|  22|0x0000000082200000, 0x0000000082200000, 0x0000000082300000|  0%| F|  |TAMS 0x0000000082200000, 0x0000000082200000| Untracked 
|  23|0x0000000082300000, 0x0000000082300000, 0x0000000082400000|  0%| F|  |TAMS 0x0000000082300000, 0x0000000082300000| Untracked 
|  24|0x0000000082400000, 0x0000000082400000, 0x0000000082500000|  0%| F|  |TAMS 0x0000000082400000, 0x0000000082400000| Untracked 
|  25|0x0000000082500000, 0x0000000082500000, 0x0000000082600000|  0%| F|  |TAMS 0x0000000082500000, 0x0000000082500000| Untracked 
|  26|0x0000000082600000, 0x0000000082600000, 0x0000000082700000|  0%| F|  |TAMS 0x0000000082600000, 0x0000000082600000| Untracked 
|  27|0x0000000082700000, 0x0000000082700000, 0x0000000082800000|  0%| F|  |TAMS 0x0000000082700000, 0x0000000082700000| Untracked 
|  28|0x0000000082800000, 0x0000000082800000, 0x0000000082900000|  0%| F|  |TAMS 0x0000000082800000, 0x0000000082800000| Untracked 
|  29|0x0000000082900000, 0x0000000082900000, 0x0000000082a00000|  0%| F|  |TAMS 0x0000000082900000, 0x0000000082900000| Untracked 
|  30|0x0000000082a00000, 0x0000000082a00000, 0x0000000082b00000|  0%| F|  |TAMS 0x0000000082a00000, 0x0000000082a00000| Untracked 
|  31|0x0000000082b00000, 0x0000000082b00000, 0x0000000082c00000|  0%| F|  |TAMS 0x0000000082b00000, 0x0000000082b00000| Untracked 
|  32|0x0000000082c00000, 0x0000000082c00000, 0x0000000082d00000|  0%| F|  |TAMS 0x0000000082c00000, 0x0000000082c00000| Untracked 
|  33|0x0000000082d00000, 0x0000000082d00000, 0x0000000082e00000|  0%| F|  |TAMS 0x0000000082d00000, 0x0000000082d00000| Untracked 
|  34|0x0000000082e00000, 0x0000000082e00000, 0x0000000082f00000|  0%| F|  |TAMS 0x0000000082e00000, 0x0000000082e00000| Untracked 
|  35|0x0000000082f00000, 0x0000000082f00000, 0x0000000083000000|  0%| F|  |TAMS 0x0000000082f00000, 0x0000000082f00000| Untracked 
|  36|0x0000000083000000, 0x0000000083000000, 0x0000000083100000|  0%| F|  |TAMS 0x0000000083000000, 0x0000000083000000| Untracked 
|  37|0x0000000083100000, 0x0000000083100000, 0x0000000083200000|  0%| F|  |TAMS 0x0000000083100000, 0x0000000083100000| Untracked 
|  38|0x0000000083200000, 0x0000000083200000, 0x0000000083300000|  0%| F|  |TAMS 0x0000000083200000, 0x0000000083200000| Untracked 
|  39|0x0000000083300000, 0x0000000083300000, 0x0000000083400000|  0%| F|  |TAMS 0x0000000083300000, 0x0000000083300000| Untracked 
|  40|0x0000000083400000, 0x0000000083400000, 0x0000000083500000|  0%| F|  |TAMS 0x0000000083400000, 0x0000000083400000| Untracked 
|  41|0x0000000083500000, 0x0000000083500000, 0x0000000083600000|  0%| F|  |TAMS 0x0000000083500000, 0x0000000083500000| Untracked 
|  42|0x0000000083600000, 0x0000000083600000, 0x0000000083700000|  0%| F|  |TAMS 0x0000000083600000, 0x0000000083600000| Untracked 
|  43|0x0000000083700000, 0x0000000083700000, 0x0000000083800000|  0%| F|  |TAMS 0x0000000083700000, 0x0000000083700000| Untracked 
|  44|0x0000000083800000, 0x0000000083800000, 0x0000000083900000|  0%| F|  |TAMS 0x0000000083800000, 0x0000000083800000| Untracked 
|  45|0x0000000083900000, 0x0000000083900000, 0x0000000083a00000|  0%| F|  |TAMS 0x0000000083900000, 0x0000000083900000| Untracked 
|  46|0x0000000083a00000, 0x0000000083a00000, 0x0000000083b00000|  0%| F|  |TAMS 0x0000000083a00000, 0x0000000083a00000| Untracked 
|  47|0x0000000083b00000, 0x0000000083b00000, 0x0000000083c00000|  0%| F|  |TAMS 0x0000000083b00000, 0x0000000083b00000| Untracked 
|  48|0x0000000083c00000, 0x0000000083c00000, 0x0000000083d00000|  0%| F|  |TAMS 0x0000000083c00000, 0x0000000083c00000| Untracked 
|  49|0x0000000083d00000, 0x0000000083d00000, 0x0000000083e00000|  0%| F|  |TAMS 0x0000000083d00000, 0x0000000083d00000| Untracked 
|  50|0x0000000083e00000, 0x0000000083e00000, 0x0000000083f00000|  0%| F|  |TAMS 0x0000000083e00000, 0x0000000083e00000| Untracked 
|  51|0x0000000083f00000, 0x0000000083f00000, 0x0000000084000000|  0%| F|  |TAMS 0x0000000083f00000, 0x0000000083f00000| Untracked 
|  52|0x0000000084000000, 0x0000000084000000, 0x0000000084100000|  0%| F|  |TAMS 0x0000000084000000, 0x0000000084000000| Untracked 
|  53|0x0000000084100000, 0x0000000084100000, 0x0000000084200000|  0%| F|  |TAMS 0x0000000084100000, 0x0000000084100000| Untracked 
|  54|0x0000000084200000, 0x0000000084200000, 0x0000000084300000|  0%| F|  |TAMS 0x0000000084200000, 0x0000000084200000| Untracked 
|  55|0x0000000084300000, 0x0000000084300000, 0x0000000084400000|  0%| F|  |TAMS 0x0000000084300000, 0x0000000084300000| Untracked 
|  56|0x0000000084400000, 0x0000000084400000, 0x0000000084500000|  0%| F|  |TAMS 0x0000000084400000, 0x0000000084400000| Untracked 
|  57|0x0000000084500000, 0x0000000084500000, 0x0000000084600000|  0%| F|  |TAMS 0x0000000084500000, 0x0000000084500000| Untracked 
|  58|0x0000000084600000, 0x0000000084600000, 0x0000000084700000|  0%| F|  |TAMS 0x0000000084600000, 0x0000000084600000| Untracked 
|  59|0x0000000084700000, 0x0000000084700000, 0x0000000084800000|  0%| F|  |TAMS 0x0000000084700000, 0x0000000084700000| Untracked 
|  60|0x0000000084800000, 0x0000000084800000, 0x0000000084900000|  0%| F|  |TAMS 0x0000000084800000, 0x0000000084800000| Untracked 
|  61|0x0000000084900000, 0x0000000084900000, 0x0000000084a00000|  0%| F|  |TAMS 0x0000000084900000, 0x0000000084900000| Untracked 
|  62|0x0000000084a00000, 0x0000000084a00000, 0x0000000084b00000|  0%| F|  |TAMS 0x0000000084a00000, 0x0000000084a00000| Untracked 
|  63|0x0000000084b00000, 0x0000000084b00000, 0x0000000084c00000|  0%| F|  |TAMS 0x0000000084b00000, 0x0000000084b00000| Untracked 
|  64|0x0000000084c00000, 0x0000000084c00000, 0x0000000084d00000|  0%| F|  |TAMS 0x0000000084c00000, 0x0000000084c00000| Untracked 
|  65|0x0000000084d00000, 0x0000000084d00000, 0x0000000084e00000|  0%| F|  |TAMS 0x0000000084d00000, 0x0000000084d00000| Untracked 
|  66|0x0000000084e00000, 0x0000000084e00000, 0x0000000084f00000|  0%| F|  |TAMS 0x0000000084e00000, 0x0000000084e00000| Untracked 
|  67|0x0000000084f00000, 0x0000000084f00000, 0x0000000085000000|  0%| F|  |TAMS 0x0000000084f00000, 0x0000000084f00000| Untracked 
|  68|0x0000000085000000, 0x0000000085000000, 0x0000000085100000|  0%| F|  |TAMS 0x0000000085000000, 0x0000000085000000| Untracked 
|  69|0x0000000085100000, 0x0000000085100000, 0x0000000085200000|  0%| F|  |TAMS 0x0000000085100000, 0x0000000085100000| Untracked 
|  70|0x0000000085200000, 0x0000000085200000, 0x0000000085300000|  0%| F|  |TAMS 0x0000000085200000, 0x0000000085200000| Untracked 
|  71|0x0000000085300000, 0x0000000085300000, 0x0000000085400000|  0%| F|  |TAMS 0x0000000085300000, 0x0000000085300000| Untracked 
|  72|0x0000000085400000, 0x0000000085400000, 0x0000000085500000|  0%| F|  |TAMS 0x0000000085400000, 0x0000000085400000| Untracked 
|  73|0x0000000085500000, 0x0000000085500000, 0x0000000085600000|  0%| F|  |TAMS 0x0000000085500000, 0x0000000085500000| Untracked 
|  74|0x0000000085600000, 0x0000000085600000, 0x0000000085700000|  0%| F|  |TAMS 0x0000000085600000, 0x0000000085600000| Untracked 
|  75|0x0000000085700000, 0x0000000085700000, 0x0000000085800000|  0%| F|  |TAMS 0x0000000085700000, 0x0000000085700000| Untracked 
|  76|0x0000000085800000, 0x0000000085800000, 0x0000000085900000|  0%| F|  |TAMS 0x0000000085800000, 0x0000000085800000| Untracked 
|  77|0x0000000085900000, 0x0000000085900000, 0x0000000085a00000|  0%| F|  |TAMS 0x0000000085900000, 0x0000000085900000| Untracked 
|  78|0x0000000085a00000, 0x0000000085a00000, 0x0000000085b00000|  0%| F|  |TAMS 0x0000000085a00000, 0x0000000085a00000| Untracked 
|  79|0x0000000085b00000, 0x0000000085b00000, 0x0000000085c00000|  0%| F|  |TAMS 0x0000000085b00000, 0x0000000085b00000| Untracked 
|  80|0x0000000085c00000, 0x0000000085c5d8b8, 0x0000000085d00000| 36%| S|CS|TAMS 0x0000000085c00000, 0x0000000085c00000| Complete 
|  81|0x0000000085d00000, 0x0000000085e00000, 0x0000000085e00000|100%| S|CS|TAMS 0x0000000085d00000, 0x0000000085d00000| Complete 
|  82|0x0000000085e00000, 0x0000000085f00000, 0x0000000085f00000|100%| S|CS|TAMS 0x0000000085e00000, 0x0000000085e00000| Complete 
|  83|0x0000000085f00000, 0x0000000085f00000, 0x0000000086000000|  0%| F|  |TAMS 0x0000000085f00000, 0x0000000085f00000| Untracked 
|  84|0x0000000086000000, 0x0000000086000000, 0x0000000086100000|  0%| F|  |TAMS 0x0000000086000000, 0x0000000086000000| Untracked 
|  85|0x0000000086100000, 0x0000000086100000, 0x0000000086200000|  0%| F|  |TAMS 0x0000000086100000, 0x0000000086100000| Untracked 
|  86|0x0000000086200000, 0x0000000086200000, 0x0000000086300000|  0%| F|  |TAMS 0x0000000086200000, 0x0000000086200000| Untracked 
|  87|0x0000000086300000, 0x0000000086300000, 0x0000000086400000|  0%| F|  |TAMS 0x0000000086300000, 0x0000000086300000| Untracked 
|  88|0x0000000086400000, 0x0000000086400000, 0x0000000086500000|  0%| F|  |TAMS 0x0000000086400000, 0x0000000086400000| Untracked 
|  89|0x0000000086500000, 0x0000000086500000, 0x0000000086600000|  0%| F|  |TAMS 0x0000000086500000, 0x0000000086500000| Untracked 
|  90|0x0000000086600000, 0x0000000086600000, 0x0000000086700000|  0%| F|  |TAMS 0x0000000086600000, 0x0000000086600000| Untracked 
|  91|0x0000000086700000, 0x0000000086700000, 0x0000000086800000|  0%| F|  |TAMS 0x0000000086700000, 0x0000000086700000| Untracked 
|  92|0x0000000086800000, 0x0000000086800000, 0x0000000086900000|  0%| F|  |TAMS 0x0000000086800000, 0x0000000086800000| Untracked 
|  93|0x0000000086900000, 0x0000000086900000, 0x0000000086a00000|  0%| F|  |TAMS 0x0000000086900000, 0x0000000086900000| Untracked 
|  94|0x0000000086a00000, 0x0000000086a00000, 0x0000000086b00000|  0%| F|  |TAMS 0x0000000086a00000, 0x0000000086a00000| Untracked 
|  95|0x0000000086b00000, 0x0000000086b00000, 0x0000000086c00000|  0%| F|  |TAMS 0x0000000086b00000, 0x0000000086b00000| Untracked 
|  96|0x0000000086c00000, 0x0000000086c00000, 0x0000000086d00000|  0%| F|  |TAMS 0x0000000086c00000, 0x0000000086c00000| Untracked 
|  97|0x0000000086d00000, 0x0000000086d00000, 0x0000000086e00000|  0%| F|  |TAMS 0x0000000086d00000, 0x0000000086d00000| Untracked 
|  98|0x0000000086e00000, 0x0000000086e00000, 0x0000000086f00000|  0%| F|  |TAMS 0x0000000086e00000, 0x0000000086e00000| Untracked 
|  99|0x0000000086f00000, 0x0000000086f00000, 0x0000000087000000|  0%| F|  |TAMS 0x0000000086f00000, 0x0000000086f00000| Untracked 
| 100|0x0000000087000000, 0x0000000087000000, 0x0000000087100000|  0%| F|  |TAMS 0x0000000087000000, 0x0000000087000000| Untracked 
| 101|0x0000000087100000, 0x0000000087100000, 0x0000000087200000|  0%| F|  |TAMS 0x0000000087100000, 0x0000000087100000| Untracked 
| 102|0x0000000087200000, 0x0000000087200000, 0x0000000087300000|  0%| F|  |TAMS 0x0000000087200000, 0x0000000087200000| Untracked 
| 103|0x0000000087300000, 0x0000000087300000, 0x0000000087400000|  0%| F|  |TAMS 0x0000000087300000, 0x0000000087300000| Untracked 
| 104|0x0000000087400000, 0x0000000087400000, 0x0000000087500000|  0%| F|  |TAMS 0x0000000087400000, 0x0000000087400000| Untracked 
| 105|0x0000000087500000, 0x0000000087500000, 0x0000000087600000|  0%| F|  |TAMS 0x0000000087500000, 0x0000000087500000| Untracked 
| 106|0x0000000087600000, 0x0000000087600000, 0x0000000087700000|  0%| F|  |TAMS 0x0000000087600000, 0x0000000087600000| Untracked 
| 107|0x0000000087700000, 0x0000000087700000, 0x0000000087800000|  0%| F|  |TAMS 0x0000000087700000, 0x0000000087700000| Untracked 
| 108|0x0000000087800000, 0x0000000087800000, 0x0000000087900000|  0%| F|  |TAMS 0x0000000087800000, 0x0000000087800000| Untracked 
| 109|0x0000000087900000, 0x0000000087900000, 0x0000000087a00000|  0%| F|  |TAMS 0x0000000087900000, 0x0000000087900000| Untracked 
| 110|0x0000000087a00000, 0x0000000087a00000, 0x0000000087b00000|  0%| F|  |TAMS 0x0000000087a00000, 0x0000000087a00000| Untracked 
| 111|0x0000000087b00000, 0x0000000087b00000, 0x0000000087c00000|  0%| F|  |TAMS 0x0000000087b00000, 0x0000000087b00000| Untracked 
| 112|0x0000000087c00000, 0x0000000087c00000, 0x0000000087d00000|  0%| F|  |TAMS 0x0000000087c00000, 0x0000000087c00000| Untracked 
| 113|0x0000000087d00000, 0x0000000087d00000, 0x0000000087e00000|  0%| F|  |TAMS 0x0000000087d00000, 0x0000000087d00000| Untracked 
| 114|0x0000000087e00000, 0x0000000087e00000, 0x0000000087f00000|  0%| F|  |TAMS 0x0000000087e00000, 0x0000000087e00000| Untracked 
| 115|0x0000000087f00000, 0x0000000087f80800, 0x0000000088000000| 50%| E|  |TAMS 0x0000000087f00000, 0x0000000087f00000| Complete 
| 116|0x0000000088000000, 0x0000000088100000, 0x0000000088100000|100%| E|CS|TAMS 0x0000000088000000, 0x0000000088000000| Complete 
| 117|0x0000000088100000, 0x0000000088200000, 0x0000000088200000|100%| E|CS|TAMS 0x0000000088100000, 0x0000000088100000| Complete 
| 118|0x0000000088200000, 0x0000000088300000, 0x0000000088300000|100%| E|CS|TAMS 0x0000000088200000, 0x0000000088200000| Complete 
| 119|0x0000000088300000, 0x0000000088400000, 0x0000000088400000|100%| E|CS|TAMS 0x0000000088300000, 0x0000000088300000| Complete 
| 120|0x0000000088400000, 0x0000000088500000, 0x0000000088500000|100%| E|CS|TAMS 0x0000000088400000, 0x0000000088400000| Complete 
| 121|0x0000000088500000, 0x0000000088600000, 0x0000000088600000|100%| E|CS|TAMS 0x0000000088500000, 0x0000000088500000| Complete 
| 122|0x0000000088600000, 0x0000000088700000, 0x0000000088700000|100%| E|CS|TAMS 0x0000000088600000, 0x0000000088600000| Complete 
| 123|0x0000000088700000, 0x0000000088800000, 0x0000000088800000|100%| E|CS|TAMS 0x0000000088700000, 0x0000000088700000| Complete 
| 124|0x0000000088800000, 0x0000000088900000, 0x0000000088900000|100%| E|CS|TAMS 0x0000000088800000, 0x0000000088800000| Complete 
| 125|0x0000000088900000, 0x0000000088a00000, 0x0000000088a00000|100%| E|CS|TAMS 0x0000000088900000, 0x0000000088900000| Complete 
| 126|0x0000000088a00000, 0x0000000088b00000, 0x0000000088b00000|100%| E|CS|TAMS 0x0000000088a00000, 0x0000000088a00000| Complete 
| 127|0x0000000088b00000, 0x0000000088c00000, 0x0000000088c00000|100%| E|CS|TAMS 0x0000000088b00000, 0x0000000088b00000| Complete 

Card table byte_map: [0x0000023218d90000,0x0000023219190000] _byte_map_base: 0x000002321898a000

Marking Bits (Prev, Next): (CMBitMap*) 0x000002327fc60758, (CMBitMap*) 0x000002327fc60790
 Prev Bits: [0x0000023219590000, 0x000002321b560000)
 Next Bits: [0x000002321b560000, 0x000002321d530000)

Polling page: 0x000002327f770000

Metaspace:

Usage:
  Non-class:     15.82 MB capacity,    15.58 MB ( 98%) used,   215.33 KB (  1%) free+waste,    28.94 KB ( <1%) overhead. 
      Class:      2.30 MB capacity,     2.18 MB ( 95%) used,   107.16 KB (  5%) free+waste,    13.94 KB ( <1%) overhead. 
       Both:     18.11 MB capacity,    17.76 MB ( 98%) used,   322.48 KB (  2%) free+waste,    42.88 KB ( <1%) overhead. 

Virtual space:
  Non-class space:       16.00 MB reserved,      16.00 MB (100%) committed 
      Class space:        1.00 GB reserved,       2.38 MB ( <1%) committed 
             Both:        1.02 GB reserved,      18.38 MB (  2%) committed 

Chunk freelists:
   Non-Class:  0 bytes
       Class:  1.88 KB
        Both:  1.88 KB

CodeHeap 'non-profiled nmethods': size=120064Kb used=769Kb max_used=769Kb free=119294Kb
 bounds [0x0000023211120000, 0x0000023211390000, 0x0000023218660000]
CodeHeap 'profiled nmethods': size=120000Kb used=3922Kb max_used=3922Kb free=116077Kb
 bounds [0x0000023209bf0000, 0x0000023209fd0000, 0x0000023211120000]
CodeHeap 'non-nmethods': size=5696Kb used=1195Kb max_used=1219Kb free=4500Kb
 bounds [0x0000023209660000, 0x00000232098d0000, 0x0000023209bf0000]
 total_blobs=2693 nmethods=1859 adapters=340
 compilation: enabled
              stopped_count=0, restarted_count=0
 full_count=0

Compilation events (10 events):
Event: 104.933 Thread 0x000002321fb61800 1859       3       jdk.internal.org.objectweb.asm.ClassWriter::visitMethod (20 bytes)
Event: 104.934 Thread 0x000002321fb61800 nmethod 1859 0x0000023209fbe010 code [0x0000023209fbe1e0, 0x0000023209fbe450]
Event: 104.934 Thread 0x000002321fb61800 1861       3       jdk.internal.org.objectweb.asm.MethodWriter::visitMaxs (1144 bytes)
Event: 104.937 Thread 0x000002321fb61800 nmethod 1861 0x0000023209fbe510 code [0x0000023209fbea20, 0x0000023209fc14d0]
Event: 104.937 Thread 0x000002321fb61800 1862       3       java.lang.Byte::<init> (10 bytes)
Event: 104.937 Thread 0x000002321fb61800 nmethod 1862 0x0000023209fc3090 code [0x0000023209fc3240, 0x0000023209fc3458]
Event: 104.937 Thread 0x000002321fb61800 1860       3       jdk.internal.org.objectweb.asm.MethodWriter::<init> (247 bytes)
Event: 104.938 Thread 0x000002321fb61800 nmethod 1860 0x0000023209fc3510 code [0x0000023209fc37c0, 0x0000023209fc4630]
Event: 104.938 Thread 0x000002321fb61800 1863       1       jdk.internal.reflect.NativeConstructorAccessorImpl::setParent (6 bytes)
Event: 104.938 Thread 0x000002321fb61800 nmethod 1863 0x00000232111de610 code [0x00000232111de7c0, 0x00000232111de918]

GC Heap History (8 events):
Event: 0.583 GC heap before
{Heap before GC invocations=0 (full 0):
 garbage-first heap   total 131072K, used 14336K [0x0000000080c00000, 0x0000000100000000)
  region size 1024K, 14 young (14336K), 0 survivors (0K)
 Metaspace       used 7497K, capacity 7628K, committed 7936K, reserved 1056768K
  class space    used 662K, capacity 713K, committed 768K, reserved 1048576K
}
Event: 0.589 GC heap after
{Heap after GC invocations=1 (full 0):
 garbage-first heap   total 131072K, used 7818K [0x0000000080c00000, 0x0000000100000000)
  region size 1024K, 2 young (2048K), 2 survivors (2048K)
 Metaspace       used 7497K, capacity 7628K, committed 7936K, reserved 1056768K
  class space    used 662K, capacity 713K, committed 768K, reserved 1048576K
}
Event: 0.798 GC heap before
{Heap before GC invocations=1 (full 0):
 garbage-first heap   total 131072K, used 16010K [0x0000000080c00000, 0x0000000100000000)
  region size 1024K, 11 young (11264K), 2 survivors (2048K)
 Metaspace       used 9149K, capacity 9361K, committed 9472K, reserved 1058816K
  class space    used 865K, capacity 926K, committed 1024K, reserved 1048576K
}
Event: 0.800 GC heap after
{Heap after GC invocations=2 (full 0):
 garbage-first heap   total 131072K, used 8337K [0x0000000080c00000, 0x0000000100000000)
  region size 1024K, 1 young (1024K), 1 survivors (1024K)
 Metaspace       used 9149K, capacity 9361K, committed 9472K, reserved 1058816K
  class space    used 865K, capacity 926K, committed 1024K, reserved 1048576K
}
Event: 1.885 GC heap before
{Heap before GC invocations=2 (full 0):
 garbage-first heap   total 131072K, used 32913K [0x0000000080c00000, 0x0000000100000000)
  region size 1024K, 26 young (26624K), 1 survivors (1024K)
 Metaspace       used 13248K, capacity 13534K, committed 13824K, reserved 1060864K
  class space    used 1398K, capacity 1490K, committed 1536K, reserved 1048576K
}
Event: 1.887 GC heap after
{Heap after GC invocations=3 (full 0):
 garbage-first heap   total 131072K, used 9250K [0x0000000080c00000, 0x0000000100000000)
  region size 1024K, 2 young (2048K), 2 survivors (2048K)
 Metaspace       used 13248K, capacity 13534K, committed 13824K, reserved 1060864K
  class space    used 1398K, capacity 1490K, committed 1536K, reserved 1048576K
}
Event: 2.438 GC heap before
{Heap before GC invocations=3 (full 0):
 garbage-first heap   total 131072K, used 53282K [0x0000000080c00000, 0x0000000100000000)
  region size 1024K, 45 young (46080K), 2 survivors (2048K)
 Metaspace       used 17079K, capacity 17326K, committed 17536K, reserved 1064960K
  class space    used 2076K, capacity 2157K, committed 2176K, reserved 1048576K
}
Event: 2.442 GC heap after
{Heap after GC invocations=4 (full 0):
 garbage-first heap   total 131072K, used 10286K [0x0000000080c00000, 0x0000000100000000)
  region size 1024K, 3 young (3072K), 3 survivors (3072K)
 Metaspace       used 17079K, capacity 17326K, committed 17536K, reserved 1064960K
  class space    used 2076K, capacity 2157K, committed 2176K, reserved 1048576K
}

Deoptimization events (10 events):
Event: 0.722 Thread 0x000002327fc23800 Uncommon trap: reason=unstable_if action=reinterpret pc=0x000002321114efb4 method=java.util.HashMap.getNode(ILjava/lang/Object;)Ljava/util/HashMap$Node; @ 129 c2
Event: 2.050 Thread 0x000002327fc23800 Uncommon trap: reason=unstable_if action=reinterpret pc=0x0000023211186530 method=sun.reflect.generics.parser.SignatureParser.current()C @ 39 c2
Event: 2.176 Thread 0x000002327fc23800 Uncommon trap: reason=bimorphic_or_optimized_type_check action=maybe_recompile pc=0x00000232111748f4 method=java.util.HashMap.getNode(ILjava/lang/Object;)Ljava/util/HashMap$Node; @ 126 c2
Event: 2.241 Thread 0x000002327fc23800 Uncommon trap: reason=bimorphic_or_optimized_type_check action=maybe_recompile pc=0x000002321116b7ac method=java.util.HashMap.putVal(ILjava/lang/Object;Ljava/lang/Object;ZZ)Ljava/lang/Object; @ 203 c2
Event: 2.277 Thread 0x000002327fc23800 Uncommon trap: reason=bimorphic_or_optimized_type_check action=maybe_recompile pc=0x000002321116b7ac method=java.util.HashMap.putVal(ILjava/lang/Object;Ljava/lang/Object;ZZ)Ljava/lang/Object; @ 203 c2
Event: 2.359 Thread 0x000002327fc23800 Uncommon trap: reason=bimorphic_or_optimized_type_check action=maybe_recompile pc=0x00000232111748f4 method=java.util.HashMap.getNode(ILjava/lang/Object;)Ljava/util/HashMap$Node; @ 126 c2
Event: 2.427 Thread 0x000002327fc23800 Uncommon trap: reason=bimorphic_or_optimized_type_check action=maybe_recompile pc=0x00000232111748f4 method=java.util.HashMap.getNode(ILjava/lang/Object;)Ljava/util/HashMap$Node; @ 126 c2
Event: 2.427 Thread 0x000002327fc23800 Uncommon trap: reason=bimorphic_or_optimized_type_check action=maybe_recompile pc=0x00000232111748f4 method=java.util.HashMap.getNode(ILjava/lang/Object;)Ljava/util/HashMap$Node; @ 126 c2
Event: 2.529 Thread 0x000002327fc23800 Uncommon trap: reason=unstable_if action=reinterpret pc=0x00000232111b2b7c method=java.lang.String.<init>([CIILjava/lang/Void;)V @ 43 c2
Event: 2.529 Thread 0x000002327fc23800 Uncommon trap: reason=unstable_if action=reinterpret pc=0x000002321112b5b4 method=java.lang.String.isLatin1()Z @ 10 c2

Classes redefined (6 events):
Event: 2.551 Thread 0x000002321fb37000 redefined class name=java.lang.Object, count=1
Event: 2.554 Thread 0x000002321fb37000 redefined class name=PecuniaSpring.services.orderService.OrderService, count=2
Event: 2.556 Thread 0x000002321fb37000 redefined class name=PecuniaSpring.services.orderService.OrderServiceImpl, count=2
Event: 79.957 Thread 0x000002321fb37000 redefined class name=PecuniaSpring.services.orderService.OrderServiceImpl, count=3
Event: 79.960 Thread 0x000002321fb37000 redefined class name=PecuniaSpring.numberOrder.DateOrder, count=2
Event: 100.696 Thread 0x000002321fb37000 redefined class name=PecuniaSpring.numberOrder.DateOrder, count=3

Internal exceptions (10 events):
Event: 1.950 Thread 0x000002327fc23800 Exception <a 'java/lang/NoSuchMethodError'{0x000000008889abc0}: java.lang.invoke.DirectMethodHandle$Holder.invokeStaticInit(Ljava/lang/Object;Ljava/lang/Object;Ljava/lang/Object;Ljava/lang/Object;)I> (0x000000008889abc0) thrown at [t:/workspace/open/src/h
Event: 1.952 Thread 0x000002327fc23800 Exception <a 'java/lang/IncompatibleClassChangeError'{0x00000000888a3de0}: Found class java.lang.Object, but interface was expected> (0x00000000888a3de0) thrown at [t:/workspace/open/src/hotspot/share/interpreter/linkResolver.cpp, line 856]
Event: 1.953 Thread 0x000002327fc23800 Exception <a 'java/lang/NoSuchMethodError'{0x00000000888a7958}: java.lang.invoke.DirectMethodHandle$Holder.invokeStaticInit(Ljava/lang/Object;Ljava/lang/Object;)V> (0x00000000888a7958) thrown at [t:/workspace/open/src/hotspot/share/interpreter/linkResolve
Event: 1.954 Thread 0x000002327fc23800 Exception <a 'java/lang/NoSuchMethodError'{0x00000000888af628}: java.lang.invoke.DirectMethodHandle$Holder.invokeStaticInit(Ljava/lang/Object;Ljava/lang/Object;)I> (0x00000000888af628) thrown at [t:/workspace/open/src/hotspot/share/interpreter/linkResolve
Event: 2.164 Thread 0x000002327fc23800 Exception <a 'java/lang/ClassNotFoundException'{0x00000000877c28c0}: java/lang/ClassLoader$ByteBuddyAccessor$V1> (0x00000000877c28c0) thrown at [t:/workspace/open/src/hotspot/share/classfile/systemDictionary.cpp, line 231]
Event: 2.347 Thread 0x000002327fc23800 Exception <a 'java/lang/NoSuchMethodError'{0x00000000866884a8}: java.lang.invoke.DirectMethodHandle$Holder.invokeVirtual(Ljava/lang/Object;Ljava/lang/Object;Ljava/lang/Object;)Ljava/lang/Object;> (0x00000000866884a8) thrown at [t:/workspace/open/src/hotsp
Event: 2.578 Thread 0x000002327fc23800 Exception <a 'java/lang/NoSuchMethodError'{0x0000000088496c58}: java.lang.invoke.DelegatingMethodHandle$Holder.delegate(Ljava/lang/Object;Ljava/lang/Object;ILjava/lang/Object;)V> (0x0000000088496c58) thrown at [t:/workspace/open/src/hotspot/share/interpre
Event: 2.596 Thread 0x000002327fc23800 Exception <a 'java/lang/NoSuchMethodError'{0x00000000884a2a90}: java.lang.invoke.DirectMethodHandle$Holder.invokeSpecial(Ljava/lang/Object;Ljava/lang/Object;Ljava/lang/Object;Ljava/lang/Object;)I> (0x00000000884a2a90) thrown at [t:/workspace/open/src/hots
Event: 2.607 Thread 0x000002327fc23800 Exception <a 'java/lang/NoSuchMethodError'{0x00000000884bd978}: java.lang.invoke.Invokers$Holder.invoker(Ljava/lang/Object;Ljava/lang/Object;Ljava/lang/Object;)Ljava/lang/Object;> (0x00000000884bd978) thrown at [t:/workspace/open/src/hotspot/share/interpr
Event: 104.934 Thread 0x000002327fc23800 Exception <a 'java/lang/IncompatibleClassChangeError'{0x000000008808ef68}: Found class java.lang.Object, but interface was expected> (0x000000008808ef68) thrown at [t:/workspace/open/src/hotspot/share/interpreter/linkResolver.cpp, line 856]

Events (10 events):
Event: 104.935 loading class java/lang/StackStreamFactory$StackFrameTraverser
Event: 104.935 loading class java/lang/StackStreamFactory$StackFrameTraverser done
Event: 104.935 loading class java/lang/StackStreamFactory$WalkerState
Event: 104.935 loading class java/lang/StackStreamFactory$WalkerState done
Event: 104.935 loading class java/lang/StackStreamFactory$1
Event: 104.935 loading class java/lang/StackStreamFactory$1 done
Event: 104.935 loading class java/lang/StackStreamFactory$StackFrameTraverser$StackFrameBuffer
Event: 104.936 loading class java/lang/StackStreamFactory$FrameBuffer
Event: 104.936 loading class java/lang/StackStreamFactory$FrameBuffer done
Event: 104.936 loading class java/lang/StackStreamFactory$StackFrameTraverser$StackFrameBuffer done


Dynamic libraries:
0x00007ff7ac760000 - 0x00007ff7ac7a7000 	C:\Program Files\Java\jdk-11.0.1\bin\java.exe
0x00007ffc178f0000 - 0x00007ffc17ae8000 	C:\WINDOWS\SYSTEM32\ntdll.dll
0x00007ffc17460000 - 0x00007ffc1751d000 	C:\WINDOWS\System32\KERNEL32.DLL
0x00007ffc152c0000 - 0x00007ffc155b6000 	C:\WINDOWS\System32\KERNELBASE.dll
0x00007ffc17390000 - 0x00007ffc1743f000 	C:\WINDOWS\System32\ADVAPI32.dll
0x00007ffc16840000 - 0x00007ffc168de000 	C:\WINDOWS\System32\msvcrt.dll
0x00007ffc17810000 - 0x00007ffc178ac000 	C:\WINDOWS\System32\sechost.dll
0x00007ffc16e60000 - 0x00007ffc16f86000 	C:\WINDOWS\System32\RPCRT4.dll
0x00007ffc16cc0000 - 0x00007ffc16e5e000 	C:\WINDOWS\System32\USER32.dll
0x00007ffc15190000 - 0x00007ffc151b2000 	C:\WINDOWS\System32\win32u.dll
0x00007ffc17520000 - 0x00007ffc1754c000 	C:\WINDOWS\System32\GDI32.dll
0x00007ffc14fd0000 - 0x00007ffc150ea000 	C:\WINDOWS\System32\gdi32full.dll
0x00007ffc150f0000 - 0x00007ffc1518d000 	C:\WINDOWS\System32\msvcp_win.dll
0x00007ffc151c0000 - 0x00007ffc152c0000 	C:\WINDOWS\System32\ucrtbase.dll
0x00007ffc06f90000 - 0x00007ffc0722a000 	C:\WINDOWS\WinSxS\amd64_microsoft.windows.common-controls_6595b64144ccf1df_6.0.19041.3636_none_60b6a03d71f818d5\COMCTL32.dll
0x00007ffc10960000 - 0x00007ffc1096a000 	C:\WINDOWS\SYSTEM32\VERSION.dll
0x00007ffc17360000 - 0x00007ffc17390000 	C:\WINDOWS\System32\IMM32.DLL
0x00007ffbfe980000 - 0x00007ffbfe996000 	C:\Program Files\Java\jdk-11.0.1\bin\vcruntime140.dll
0x00007ffbe7920000 - 0x00007ffbe79ca000 	C:\Program Files\Java\jdk-11.0.1\bin\msvcp140.dll
0x00007ffbe0960000 - 0x00007ffbe14a2000 	C:\Program Files\Java\jdk-11.0.1\bin\server\jvm.dll
0x00007ffc17550000 - 0x00007ffc17558000 	C:\WINDOWS\System32\PSAPI.DLL
0x00007ffbe1a00000 - 0x00007ffbe1a09000 	C:\WINDOWS\SYSTEM32\WSOCK32.dll
0x00007ffc17290000 - 0x00007ffc172fb000 	C:\WINDOWS\System32\WS2_32.dll
0x00007ffc103f0000 - 0x00007ffc10417000 	C:\WINDOWS\SYSTEM32\WINMM.dll
0x00007ffc13830000 - 0x00007ffc13842000 	C:\WINDOWS\SYSTEM32\kernel.appcore.dll
0x00007ffbfe960000 - 0x00007ffbfe971000 	C:\Program Files\Java\jdk-11.0.1\bin\verify.dll
0x00007ffc0f0d0000 - 0x00007ffc0f2b4000 	C:\WINDOWS\SYSTEM32\DBGHELP.DLL
0x00007ffc0efb0000 - 0x00007ffc0efe4000 	C:\WINDOWS\SYSTEM32\dbgcore.DLL
0x00007ffc15730000 - 0x00007ffc157b2000 	C:\WINDOWS\System32\bcryptPrimitives.dll
0x00007ffbfe930000 - 0x00007ffbfe959000 	C:\Program Files\Java\jdk-11.0.1\bin\java.dll
0x00007ffbfde20000 - 0x00007ffbfde57000 	C:\Program Files\Java\jdk-11.0.1\bin\jdwp.dll
0x00007ffc0fd60000 - 0x00007ffc0fd8f000 	C:\Program Files\Java\jdk-11.0.1\bin\instrument.dll
0x00007ffbfd250000 - 0x00007ffbfd266000 	C:\Program Files\Java\jdk-11.0.1\bin\zip.dll
0x00007ffbfe920000 - 0x00007ffbfe92a000 	C:\Program Files\Java\jdk-11.0.1\bin\jimage.dll
0x00007ffc15ac0000 - 0x00007ffc16205000 	C:\WINDOWS\System32\SHELL32.dll
0x00007ffc13020000 - 0x00007ffc137bb000 	C:\WINDOWS\SYSTEM32\windows.storage.dll
0x00007ffc16960000 - 0x00007ffc16cb4000 	C:\WINDOWS\System32\combase.dll
0x00007ffc148c0000 - 0x00007ffc148ed000 	C:\WINDOWS\SYSTEM32\Wldp.dll
0x00007ffc15a00000 - 0x00007ffc15aad000 	C:\WINDOWS\System32\SHCORE.dll
0x00007ffc17680000 - 0x00007ffc176d5000 	C:\WINDOWS\System32\shlwapi.dll
0x00007ffc14f00000 - 0x00007ffc14f25000 	C:\WINDOWS\SYSTEM32\profapi.dll
0x00007ffc107e0000 - 0x00007ffc107ea000 	C:\Program Files\Java\jdk-11.0.1\bin\dt_socket.dll
0x00007ffc146a0000 - 0x00007ffc1470a000 	C:\WINDOWS\system32\mswsock.dll
0x00007ffbfcbc0000 - 0x00007ffbfcbd9000 	C:\Program Files\Java\jdk-11.0.1\bin\net.dll
0x00007ffc0e580000 - 0x00007ffc0e68a000 	C:\WINDOWS\SYSTEM32\WINHTTP.dll
0x00007ffbf9ab0000 - 0x00007ffbf9ac3000 	C:\Program Files\Java\jdk-11.0.1\bin\nio.dll
0x00007ffc14c20000 - 0x00007ffc14c38000 	C:\WINDOWS\SYSTEM32\CRYPTSP.dll
0x00007ffc13f90000 - 0x00007ffc13fc4000 	C:\WINDOWS\system32\rsaenh.dll
0x00007ffc157c0000 - 0x00007ffc157e7000 	C:\WINDOWS\System32\bcrypt.dll
0x00007ffc14e80000 - 0x00007ffc14eae000 	C:\WINDOWS\SYSTEM32\USERENV.dll
0x00007ffc14830000 - 0x00007ffc1483c000 	C:\WINDOWS\SYSTEM32\CRYPTBASE.dll
0x00007ffc14350000 - 0x00007ffc1438b000 	C:\WINDOWS\SYSTEM32\IPHLPAPI.DLL
0x00007ffc15ab0000 - 0x00007ffc15ab8000 	C:\WINDOWS\System32\NSI.dll
0x00007ffc0f7e0000 - 0x00007ffc0f7f7000 	C:\WINDOWS\SYSTEM32\dhcpcsvc6.DLL
0x00007ffc0f590000 - 0x00007ffc0f5ad000 	C:\WINDOWS\SYSTEM32\dhcpcsvc.DLL
0x00007ffc14390000 - 0x00007ffc1445a000 	C:\WINDOWS\SYSTEM32\DNSAPI.dll

dbghelp: loaded successfully - version: 4.0.5 - missing functions: none
symbol engine: initialized successfully - sym options: 0x614 - pdb path: .;C:\Program Files\Java\jdk-11.0.1\bin;C:\WINDOWS\SYSTEM32;C:\WINDOWS\WinSxS\amd64_microsoft.windows.common-controls_6595b64144ccf1df_6.0.19041.3636_none_60b6a03d71f818d5;C:\Program Files\Java\jdk-11.0.1\bin\server

VM Arguments:
jvm_args: -agentlib:jdwp=transport=dt_socket,address=127.0.0.1:53925,suspend=y,server=n -ea -Didea.test.cyclic.buffer.size=1048576 -javaagent:C:\Users\mateu\.IntelliJIdea2019.2\system\captureAgent\debugger-agent.jar -Dfile.encoding=UTF-8 
java_command: com.intellij.rt.execution.junit.JUnitStarter -ideVersion5 -junit4 PecuniaSpring.numberOrder.DateOrder,lastNumberOrder
java_class_path (initial): D:\Programm\JetBrains\IntelliJ IDEA 2019.2.2\lib\idea_rt.jar;D:\Programm\JetBrains\IntelliJ IDEA 2019.2.2\plugins\junit\lib\junit-rt.jar;D:\Programm\JetBrains\IntelliJ IDEA 2019.2.2\plugins\junit\lib\junit5-rt.jar;D:\ideaProjects\Pecunia New 2022-07\pecunia-spring\target\test-classes;D:\ideaProjects\Pecunia New 2022-07\pecunia-spring\target\classes;C:\Users\mateu\.m2\repository\org\springframework\boot\spring-boot-starter-data-jpa\2.7.3\spring-boot-starter-data-jpa-2.7.3.jar;C:\Users\mateu\.m2\repository\org\springframework\boot\spring-boot-starter-aop\2.7.3\spring-boot-starter-aop-2.7.3.jar;C:\Users\mateu\.m2\repository\org\aspectj\aspectjweaver\1.9.7\aspectjweaver-1.9.7.jar;C:\Users\mateu\.m2\repository\org\springframework\boot\spring-boot-starter-jdbc\2.7.3\spring-boot-starter-jdbc-2.7.3.jar;C:\Users\mateu\.m2\repository\com\zaxxer\HikariCP\4.0.3\HikariCP-4.0.3.jar;C:\Users\mateu\.m2\repository\org\springframework\spring-jdbc\5.3.22\spring-jdbc-5.3.22.jar;C:\Users\mateu\.m2\repository\jakarta\transaction\jakarta.transaction-api\1.3.3\jakarta.transaction-api-1.3.3.jar;C:\Users\mateu\.m2\repository\jakarta\persistence\jakarta.persistence-api\2.2.3\jakarta.persistence-api-2.2.3.jar;C:\Users\mateu\.m2\repository\org\hibernate\hibernate-core\5.6.10.Final\hibernate-core-5.6.10.Final.jar;C:\Users\mateu\.m2\repository\antlr\antlr\2.7.7\antlr-2.7.7.jar;C:\Users\mateu\.m2\repository\org\springframework\data\spring-data-jpa\2.7.2\spring-data-jpa-2.7.2.jar;C:\Users\mateu\.m2\repository\org\springframework\data\spring-data-commons\2.7.2\spring-data-commons-2.7.2.jar;C:\Users\mateu\.m2\repository\org\springframework\spring-orm\5.3.22\spring-orm-5.3.22.jar;C:\Users\mateu\.m2\repository\org\springframework\spring-context\5.3.22\spring-context-5.3.22.jar;C:\Users\mateu\.m2\repository\org\springframework\spring-tx\5.3.22\spring-tx-5.3.22.jar;C:\Users\mateu\.m2\repository\org\springframework\spring-beans\5.3.22\spring-beans-5.3.22.jar;C:\Users\mateu\.m2
Launcher Type: SUN_STANDARD

[Global flags]
     intx CICompilerCount                          = 3                                         {product} {ergonomic}
     uint ConcGCThreads                            = 1                                         {product} {ergonomic}
     uint G1ConcRefinementThreads                  = 4                                         {product} {ergonomic}
   size_t G1HeapRegionSize                         = 1048576                                   {product} {ergonomic}
    uintx GCDrainStackTargetSize                   = 64                                        {product} {ergonomic}
   size_t InitialHeapSize                          = 134217728                                 {product} {ergonomic}
   size_t MarkStackSize                            = 4194304                                   {product} {ergonomic}
   size_t MaxHeapSize                              = 2134900736                                {product} {ergonomic}
   size_t MaxNewSize                               = 1280311296                                {product} {ergonomic}
   size_t MinHeapDeltaBytes                        = 1048576                                   {product} {ergonomic}
    uintx NonNMethodCodeHeapSize                   = 5830092                                {pd product} {ergonomic}
    uintx NonProfiledCodeHeapSize                  = 122914074                              {pd product} {ergonomic}
    uintx ProfiledCodeHeapSize                     = 122914074                              {pd product} {ergonomic}
    uintx ReservedCodeCacheSize                    = 251658240                              {pd product} {ergonomic}
     bool SegmentedCodeCache                       = true                                      {product} {ergonomic}
     bool UseCompressedClassPointers               = true                                 {lp64_product} {ergonomic}
     bool UseCompressedOops                        = true                                 {lp64_product} {ergonomic}
     bool UseG1GC                                  = true                                      {product} {ergonomic}
     bool UseLargePagesIndividualAllocation        = false                                  {pd product} {ergonomic}

Logging:
Log output configuration:
 #0: stdout all=warning uptime,level,tags
 #1: stderr all=off uptime,level,tags

Environment Variables:
JAVA_HOME=C:\Program Files\Java\jdk-11.0.1
PATH=C:\Program Files\Common Files\Oracle\Java\javapath;C:\Python310\Scripts\;C:\Python310\;C:\WINDOWS\system32;C:\WINDOWS;C:\WINDOWS\System32\Wbem;C:\WINDOWS\System32\WindowsPowerShell\v1.0\;C:\WINDOWS\System32\OpenSSH\;C:\Program Files\MySQL\MySQL Server 8.0\bin;D:\DB\PostgreSQL\pg11\bin;C:\Program Files\dotnet\;C:\Program Files\Microsoft SQL Server\130\Tools\Binn\;D:\Program Files\apache-maven-3.9.3\bin;D:\Program Files\gradle-5.2.1\bin;D:\DB\apache-tomcat-10.1.11\bin;D:\DB\apache-tomcat-9.0.78\bin;C:\Program Files\Java\jdk-11.0.1\bin;C:\Program Files\Java\jdk-17\bin;D:\Sqlite3;D:\Yarn\bin\;C:\ProgramData\chocolatey\bin;D:\Python\Python37-32;D:\Python\Python37-32\Scripts;D:\Program Files\nodejs\;D:\Program Files\Git\cmd;D:\Program Files\apache-maven-3.9.3\bin;D:\Ruby27-x64\bin;D:\Python\Python37-32\Scripts\;D:\Python\Python37-32\;C:\Users\mateu\AppData\Local\Microsoft\WindowsApps;D:\Program Files\heroku\bin;D:\Programming\JetBrains\IntelliJ IDEA 2020.1\bin;;D:\iperf-3.1.3-win64;C:\Users\mateu\AppData\Local\Yarn\bin;D:\Programm\JetBrains\RubyMine 2019.2.4\bin;;D:\Microsoft VS Code\bin;C:\Users\mateu\.dotnet\tools;D:\JetBrains\PyCharm 2020.2.5\bin;;C:\Users\mateu\AppData\Roaming\npm
USERNAME=mateusz
OS=Windows_NT
PROCESSOR_IDENTIFIER=Intel64 Family 6 Model 60 Stepping 3, GenuineIntel



---------------  S Y S T E M  ---------------

OS: Windows 10 , 64 bit Build 19041 (10.0.19041.3636)

CPU:total 4 (initial active 4) (4 cores per cpu, 1 threads per core) family 6 model 60 stepping 3, cmov, cx8, fxsr, mmx, sse, sse2, sse3, ssse3, sse4.1, sse4.2, popcnt, avx, avx2, aes, clmul, erms, lzcnt, tsc, tscinvbit, bmi1, bmi2, fma

Memory: 4k page, system-wide physical 8143M (1016M free)
TotalPageFile size 16335M (AvailPageFile size 4404M)
current process WorkingSet (physical memory assigned to process): 118M, peak: 129M
current process commit charge ("private bytes"): 225M, peak: 237M

vm_info: Java HotSpot(TM) 64-Bit Server VM (11.0.1+13-LTS) for windows-amd64 JRE (11.0.1+13-LTS), built on Oct  6 2018 13:20:16 by "mach5one" with MS VC++ 15.5 (VS2017)

END.
